  console.debug
    Upgrading dataLocation from undefined to PluginFolder

      at upgradeSettings (src/settings.ts:1074:17)

  console.debug
    Upgrading dataLocation from undefined to PluginFolder

      at upgradeSettings (src/settings.ts:1074:17)

  console.debug
    [SR-Debug] _applyTopDownLimits: deck='归档/Blog Public', myQuota={new:17, due:200}, effectiveLimit={new:17, due:200}

      at DeckTreeFilter._applyTopDownLimits (src/Deck.ts:471:21)
          at Array.map (<anonymous>)

  console.debug
    [SR-Debug] _applyTopDownLimits: deck='归档/Blog Public/日志 10.24--11.21', myQuota={new:18, due:200}, effectiveLimit={new:17, due:200}

      at DeckTreeFilter._applyTopDownLimits (src/Deck.ts:471:21)
          at Array.map (<anonymous>)

  console.debug
    [SR-Debug] _applyTopDownLimits: deck='归档/Blog Public/日志 11.12-12.10 后面丢失到1.21', myQuota={new:19, due:200}, effectiveLimit={new:0, due:200}

      at DeckTreeFilter._applyTopDownLimits (src/Deck.ts:471:21)
          at Array.map (<anonymous>)

  console.debug
    [SR-Debug] _applyTopDownLimits: deck='归档/Blog Public/日志 10.24--11.21', myQuota={new:18, due:200}, effectiveLimit={new:18, due:200}

      at DeckTreeFilter._applyTopDownLimits (src/Deck.ts:471:21)
          at Array.map (<anonymous>)
          at Array.map (<anonymous>)

  console.debug
    [SR-Debug] _applyTopDownLimits: deck='归档/Blog Public/日志 11.12-12.10 后面丢失到1.21', myQuota={new:19, due:200}, effectiveLimit={new:19, due:200}

      at DeckTreeFilter._applyTopDownLimits (src/Deck.ts:471:21)
          at Array.map (<anonymous>)
          at Array.map (<anonymous>)

  console.debug
    [SR-Debug] _applyTopDownLimits: deck='归档/Blog Public/日志 10.24--11.21', myQuota={new:18, due:200}, effectiveLimit={new:18, due:200}

      at DeckTreeFilter._applyTopDownLimits (src/Deck.ts:471:21)
          at Array.map (<anonymous>)

  console.debug
    [SR-Debug] _applyTopDownLimits: deck='归档/Blog Public/日志 11.12-12.10 后面丢失到1.21', myQuota={new:19, due:200}, effectiveLimit={new:19, due:200}

      at DeckTreeFilter._applyTopDownLimits (src/Deck.ts:471:21)
          at Array.map (<anonymous>)

  console.debug
    [SR-Debug] _applyTopDownLimits: deck='归档/Blog Public', myQuota={new:17, due:200}, effectiveLimit={new:17, due:200}

      at DeckTreeFilter._applyTopDownLimits (src/Deck.ts:471:21)
          at Array.map (<anonymous>)

  console.debug
    [SR-Debug] _applyTopDownLimits: deck='归档/Blog Public/日志 10.24--11.21', myQuota={new:18, due:200}, effectiveLimit={new:17, due:200}

      at DeckTreeFilter._applyTopDownLimits (src/Deck.ts:471:21)
          at Array.map (<anonymous>)

  console.debug
    [SR-Debug] _applyTopDownLimits: deck='归档/Blog Public/日志 11.12-12.10 后面丢失到1.21', myQuota={new:19, due:200}, effectiveLimit={new:0, due:200}

      at DeckTreeFilter._applyTopDownLimits (src/Deck.ts:471:21)
          at Array.map (<anonymous>)

  console.debug
    [SR-Debug] _applyTopDownLimits: deck='归档/Blog Public/日志 10.24--11.21', myQuota={new:18, due:200}, effectiveLimit={new:18, due:200}

      at DeckTreeFilter._applyTopDownLimits (src/Deck.ts:471:21)
          at Array.map (<anonymous>)
          at Array.map (<anonymous>)

  console.debug
    [SR-Debug] _applyTopDownLimits: deck='归档/Blog Public/日志 11.12-12.10 后面丢失到1.21', myQuota={new:19, due:200}, effectiveLimit={new:19, due:200}

      at DeckTreeFilter._applyTopDownLimits (src/Deck.ts:471:21)
          at Array.map (<anonymous>)
          at Array.map (<anonymous>)

  console.debug
    [SR-Debug] _applyTopDownLimits: deck='归档/Blog Public/日志 10.24--11.21', myQuota={new:18, due:200}, effectiveLimit={new:18, due:200}

      at DeckTreeFilter._applyTopDownLimits (src/Deck.ts:471:21)
          at Array.map (<anonymous>)

  console.debug
    [SR-Debug] _applyTopDownLimits: deck='归档/Blog Public/日志 11.12-12.10 后面丢失到1.21', myQuota={new:19, due:200}, effectiveLimit={new:19, due:200}

      at DeckTreeFilter._applyTopDownLimits (src/Deck.ts:471:21)
          at Array.map (<anonymous>)

  console.debug
    Upgrading dataLocation from undefined to PluginFolder

      at upgradeSettings (src/settings.ts:1074:17)

  console.debug
    [SR-PendingOverlay] section-written {
      path: '.obsidian/plugins/syro/devices/Desktop--0002/pending.overlay.json',
      sections: []
    }

      at SRPlugin.logRuntimeDebug (src/main.ts:2804:21)

  console.debug
    Upgrading dataLocation from undefined to PluginFolder

      at upgradeSettings (src/settings.ts:1074:17)

  console.debug
    [SR-Debug] _applyTopDownLimits: deck='归档/Blog Public', myQuota={new:16, due:198}, effectiveLimit={new:16, due:198}

      at DeckTreeFilter._applyTopDownLimits (src/Deck.ts:471:21)
          at Array.map (<anonymous>)

  console.debug
    [SR-Debug] _applyTopDownLimits: deck='归档/Blog Public/日志 10.24--11.21', myQuota={new:18, due:199}, effectiveLimit={new:16, due:198}

      at DeckTreeFilter._applyTopDownLimits (src/Deck.ts:471:21)
          at Array.map (<anonymous>)

  console.debug
    [SR-Debug] _applyTopDownLimits: deck='归档/Blog Public/日志 11.12-12.10 后面丢失到1.21', myQuota={new:18, due:199}, effectiveLimit={new:0, due:198}

      at DeckTreeFilter._applyTopDownLimits (src/Deck.ts:471:21)
          at Array.map (<anonymous>)

  console.debug
    [SR-Debug] _applyTopDownLimits: deck='归档/Blog Public/日志 10.24--11.21', myQuota={new:18, due:199}, effectiveLimit={new:18, due:199}

      at DeckTreeFilter._applyTopDownLimits (src/Deck.ts:471:21)
          at Array.map (<anonymous>)
          at Array.map (<anonymous>)

  console.debug
    [SR-Debug] _applyTopDownLimits: deck='归档/Blog Public/日志 11.12-12.10 后面丢失到1.21', myQuota={new:18, due:199}, effectiveLimit={new:18, due:199}

      at DeckTreeFilter._applyTopDownLimits (src/Deck.ts:471:21)
          at Array.map (<anonymous>)
          at Array.map (<anonymous>)

  console.debug
    [SR-Debug] _applyTopDownLimits: deck='归档/Blog Public/日志 10.24--11.21', myQuota={new:18, due:199}, effectiveLimit={new:18, due:199}

      at DeckTreeFilter._applyTopDownLimits (src/Deck.ts:471:21)
          at Array.map (<anonymous>)

  console.debug
    [SR-Debug] _applyTopDownLimits: deck='归档/Blog Public/日志 11.12-12.10 后面丢失到1.21', myQuota={new:18, due:199}, effectiveLimit={new:18, due:199}

      at DeckTreeFilter._applyTopDownLimits (src/Deck.ts:471:21)
          at Array.map (<anonymous>)

  console.debug
    [SR-Debug] _applyTopDownLimits: deck='归档/Blog Public', myQuota={new:16, due:198}, effectiveLimit={new:16, due:198}

      at DeckTreeFilter._applyTopDownLimits (src/Deck.ts:471:21)
          at Array.map (<anonymous>)

  console.debug
    [SR-Debug] _applyTopDownLimits: deck='归档/Blog Public/日志 10.24--11.21', myQuota={new:18, due:199}, effectiveLimit={new:16, due:198}

      at DeckTreeFilter._applyTopDownLimits (src/Deck.ts:471:21)
          at Array.map (<anonymous>)

  console.debug
    [SR-Debug] _applyTopDownLimits: deck='归档/Blog Public/日志 11.12-12.10 后面丢失到1.21', myQuota={new:18, due:199}, effectiveLimit={new:0, due:198}

      at DeckTreeFilter._applyTopDownLimits (src/Deck.ts:471:21)
          at Array.map (<anonymous>)

  console.debug
    [SR-Debug] _applyTopDownLimits: deck='归档/Blog Public/日志 10.24--11.21', myQuota={new:18, due:199}, effectiveLimit={new:18, due:199}

      at DeckTreeFilter._applyTopDownLimits (src/Deck.ts:471:21)
          at Array.map (<anonymous>)
          at Array.map (<anonymous>)

  console.debug
    [SR-Debug] _applyTopDownLimits: deck='归档/Blog Public/日志 11.12-12.10 后面丢失到1.21', myQuota={new:18, due:199}, effectiveLimit={new:18, due:199}

      at DeckTreeFilter._applyTopDownLimits (src/Deck.ts:471:21)
          at Array.map (<anonymous>)
          at Array.map (<anonymous>)

  console.debug
    [SR-Debug] _applyTopDownLimits: deck='归档/Blog Public/日志 10.24--11.21', myQuota={new:18, due:199}, effectiveLimit={new:18, due:199}

      at DeckTreeFilter._applyTopDownLimits (src/Deck.ts:471:21)
          at Array.map (<anonymous>)

  console.debug
    [SR-Debug] _applyTopDownLimits: deck='归档/Blog Public/日志 11.12-12.10 后面丢失到1.21', myQuota={new:18, due:199}, effectiveLimit={new:18, due:199}

      at DeckTreeFilter._applyTopDownLimits (src/Deck.ts:471:21)
          at Array.map (<anonymous>)

  console.log
    [SYRO-TEST-DEBUG] baseline-roundtrip-final
    {
      "cardsByClient": {
        "desktop": [
          {
            "key": "归档/Blog Public/日志 10.24--11.21.md::日志一 1 question::日志一 1 answer::2::c1",
            "path": "归档/Blog Public/日志 10.24--11.21.md",
            "uuid": "i_mo46uu7w_mqwytj",
            "aliases": [],
            "trackedFileUuid": "tf_mo46uu7w_x6qcxg",
            "trackedFileAliases": [],
            "queue": 1,
            "nextReview": 1776508367420,
            "learningStep": null,
            "timesReviewed": 1,
            "timesCorrect": 1,
            "errorStreak": 0,
            "data": {
              "due": "2026-04-18T10:32:47.420Z",
              "stability": 2.3065,
              "difficulty": 2.1181,
              "elapsed_days": 0,
              "scheduled_days": 0.006944444444444444,
              "reps": 1,
              "lapses": 0,
              "learning_steps": 1,
              "state": 1,
              "last_review": "2026-04-18T10:22:47.420Z"
            }
          },
          {
            "key": "归档/Blog Public/日志 10.24--11.21.md::日志一 10 question::日志一 10 answer::11::c1",
            "path": "归档/Blog Public/日志 10.24--11.21.md",
            "uuid": "i_mo46uu7w_b28lsj",
            "aliases": [],
            "trackedFileUuid": "tf_mo46uu7w_x6qcxg",
            "trackedFileAliases": [],
            "queue": 0,
            "nextReview": 0,
            "learningStep": null,
            "timesReviewed": 0,
            "timesCorrect": 0,
            "errorStreak": 0,
            "data": {
              "due": "2026-04-18T10:22:47.420Z",
              "stability": 0,
              "difficulty": 0,
              "elapsed_days": 0,
              "scheduled_days": 0,
              "reps": 0,
              "lapses": 0,
              "learning_steps": 0,
              "state": 0
            }
          },
          {
            "key": "归档/Blog Public/日志 10.24--11.21.md::日志一 11 question::日志一 11 answer::12::c1",
            "path": "归档/Blog Public/日志 10.24--11.21.md",
            "uuid": "i_mo46uu7w_crcdl9",
            "aliases": [],
            "trackedFileUuid": "tf_mo46uu7w_x6qcxg",
            "trackedFileAliases": [],
            "queue": 0,
            "nextReview": 0,
            "learningStep": null,
            "timesReviewed": 0,
            "timesCorrect": 0,
            "errorStreak": 0,
            "data": {
              "due": "2026-04-18T10:22:47.420Z",
              "stability": 0,
              "difficulty": 0,
              "elapsed_days": 0,
              "scheduled_days": 0,
              "reps": 0,
              "lapses": 0,
              "learning_steps": 0,
              "state": 0
            }
          },
          {
            "key": "归档/Blog Public/日志 10.24--11.21.md::日志一 12 question::日志一 12 answer::13::c1",
            "path": "归档/Blog Public/日志 10.24--11.21.md",
            "uuid": "i_mo46uu7w_6jkrzu",
            "aliases": [],
            "trackedFileUuid": "tf_mo46uu7w_x6qcxg",
            "trackedFileAliases": [],
            "queue": 0,
            "nextReview": 0,
            "learningStep": null,
            "timesReviewed": 0,
            "timesCorrect": 0,
            "errorStreak": 0,
            "data": {
              "due": "2026-04-18T10:22:47.420Z",
              "stability": 0,
              "difficulty": 0,
              "elapsed_days": 0,
              "scheduled_days": 0,
              "reps": 0,
              "lapses": 0,
              "learning_steps": 0,
              "state": 0
            }
          },
          {
            "key": "归档/Blog Public/日志 10.24--11.21.md::日志一 13 question::日志一 13 answer::14::c1",
            "path": "归档/Blog Public/日志 10.24--11.21.md",
            "uuid": "i_mo46uu7w_ul8e1e",
            "aliases": [],
            "trackedFileUuid": "tf_mo46uu7w_x6qcxg",
            "trackedFileAliases": [],
            "queue": 0,
            "nextReview": 0,
            "learningStep": null,
            "timesReviewed": 0,
            "timesCorrect": 0,
            "errorStreak": 0,
            "data": {
              "due": "2026-04-18T10:22:47.420Z",
              "stability": 0,
              "difficulty": 0,
              "elapsed_days": 0,
              "scheduled_days": 0,
              "reps": 0,
              "lapses": 0,
              "learning_steps": 0,
              "state": 0
            }
          },
          {
            "key": "归档/Blog Public/日志 10.24--11.21.md::日志一 14 question::日志一 14 answer::15::c1",
            "path": "归档/Blog Public/日志 10.24--11.21.md",
            "uuid": "i_mo46uu7w_8g0ejg",
            "aliases": [],
            "trackedFileUuid": "tf_mo46uu7w_x6qcxg",
            "trackedFileAliases": [],
            "queue": 0,
            "nextReview": 0,
            "learningStep": null,
            "timesReviewed": 0,
            "timesCorrect": 0,
            "errorStreak": 0,
            "data": {
              "due": "2026-04-18T10:22:47.420Z",
              "stability": 0,
              "difficulty": 0,
              "elapsed_days": 0,
              "scheduled_days": 0,
              "reps": 0,
              "lapses": 0,
              "learning_steps": 0,
              "state": 0
            }
          },
          {
            "key": "归档/Blog Public/日志 10.24--11.21.md::日志一 15 question::日志一 15 answer::16::c1",
            "path": "归档/Blog Public/日志 10.24--11.21.md",
            "uuid": "i_mo46uu7w_jijoti",
            "aliases": [],
            "trackedFileUuid": "tf_mo46uu7w_x6qcxg",
            "trackedFileAliases": [],
            "queue": 0,
            "nextReview": 0,
            "learningStep": null,
            "timesReviewed": 0,
            "timesCorrect": 0,
            "errorStreak": 0,
            "data": {
              "due": "2026-04-18T10:22:47.420Z",
              "stability": 0,
              "difficulty": 0,
              "elapsed_days": 0,
              "scheduled_days": 0,
              "reps": 0,
              "lapses": 0,
              "learning_steps": 0,
              "state": 0
            }
          },
          {
            "key": "归档/Blog Public/日志 10.24--11.21.md::日志一 16 question::日志一 16 answer::17::c1",
            "path": "归档/Blog Public/日志 10.24--11.21.md",
            "uuid": "i_mo46uu7w_idohu6",
            "aliases": [],
            "trackedFileUuid": "tf_mo46uu7w_x6qcxg",
            "trackedFileAliases": [],
            "queue": 0,
            "nextReview": 0,
            "learningStep": null,
            "timesReviewed": 0,
            "timesCorrect": 0,
            "errorStreak": 0,
            "data": {
              "due": "2026-04-18T10:22:47.420Z",
              "stability": 0,
              "difficulty": 0,
              "elapsed_days": 0,
              "scheduled_days": 0,
              "reps": 0,
              "lapses": 0,
              "learning_steps": 0,
              "state": 0
            }
          },
          {
            "key": "归档/Blog Public/日志 10.24--11.21.md::日志一 17 question::日志一 17 answer::18::c1",
            "path": "归档/Blog Public/日志 10.24--11.21.md",
            "uuid": "i_mo46uu7w_5gspwg",
            "aliases": [],
            "trackedFileUuid": "tf_mo46uu7w_x6qcxg",
            "trackedFileAliases": [],
            "queue": 0,
            "nextReview": 0,
            "learningStep": null,
            "timesReviewed": 0,
            "timesCorrect": 0,
            "errorStreak": 0,
            "data": {
              "due": "2026-04-18T10:22:47.420Z",
              "stability": 0,
              "difficulty": 0,
              "elapsed_days": 0,
              "scheduled_days": 0,
              "reps": 0,
              "lapses": 0,
              "learning_steps": 0,
              "state": 0
            }
          },
          {
            "key": "归档/Blog Public/日志 10.24--11.21.md::日志一 18 question::日志一 18 answer::19::c1",
            "path": "归档/Blog Public/日志 10.24--11.21.md",
            "uuid": "i_mo46uu7w_szhkz9",
            "aliases": [],
            "trackedFileUuid": "tf_mo46uu7w_x6qcxg",
            "trackedFileAliases": [],
            "queue": 0,
            "nextReview": 0,
            "learningStep": null,
            "timesReviewed": 0,
            "timesCorrect": 0,
            "errorStreak": 0,
            "data": {
              "due": "2026-04-18T10:22:47.420Z",
              "stability": 0,
              "difficulty": 0,
              "elapsed_days": 0,
              "scheduled_days": 0,
              "reps": 0,
              "lapses": 0,
              "learning_steps": 0,
              "state": 0
            }
          },
          {
            "key": "归档/Blog Public/日志 10.24--11.21.md::日志一 19 question::日志一 19 answer::20::c1",
            "path": "归档/Blog Public/日志 10.24--11.21.md",
            "uuid": "i_mo46uu7w_kwp1xm",
            "aliases": [],
            "trackedFileUuid": "tf_mo46uu7w_x6qcxg",
            "trackedFileAliases": [],
            "queue": 0,
            "nextReview": 0,
            "learningStep": null,
            "timesReviewed": 0,
            "timesCorrect": 0,
            "errorStreak": 0,
            "data": {
              "due": "2026-04-18T10:22:47.420Z",
              "stability": 0,
              "difficulty": 0,
              "elapsed_days": 0,
              "scheduled_days": 0,
              "reps": 0,
              "lapses": 0,
              "learning_steps": 0,
              "state": 0
            }
          },
          {
            "key": "归档/Blog Public/日志 10.24--11.21.md::日志一 2 question::日志一 2 answer::3::c1",
            "path": "归档/Blog Public/日志 10.24--11.21.md",
            "uuid": "i_mo46uu7w_tsp7yc",
            "aliases": [],
            "trackedFileUuid": "tf_mo46uu7w_x6qcxg",
            "trackedFileAliases": [],
            "queue": 1,
            "nextReview": 1776508367420,
            "learningStep": null,
            "timesReviewed": 1,
            "timesCorrect": 1,
            "errorStreak": 0,
            "data": {
              "due": "2026-04-18T10:32:47.420Z",
              "stability": 2.3065,
              "difficulty": 2.1181,
              "elapsed_days": 0,
              "scheduled_days": 0.006944444444444444,
              "reps": 1,
              "lapses": 0,
              "learning_steps": 1,
              "state": 1,
              "last_review": "2026-04-18T10:22:47.420Z"
            }
          },
          {
            "key": "归档/Blog Public/日志 10.24--11.21.md::日志一 20 question::日志一 20 answer::21::c1",
            "path": "归档/Blog Public/日志 10.24--11.21.md",
            "uuid": "i_mo46uu7w_ps5kw9",
            "aliases": [],
            "trackedFileUuid": "tf_mo46uu7w_x6qcxg",
            "trackedFileAliases": [],
            "queue": 0,
            "nextReview": 0,
            "learningStep": null,
            "timesReviewed": 0,
            "timesCorrect": 0,
            "errorStreak": 0,
            "data": {
              "due": "2026-04-18T10:22:47.420Z",
              "stability": 0,
              "difficulty": 0,
              "elapsed_days": 0,
              "scheduled_days": 0,
              "reps": 0,
              "lapses": 0,
              "learning_steps": 0,
              "state": 0
            }
          },
          {
            "key": "归档/Blog Public/日志 10.24--11.21.md::日志一 3 question::日志一 3 answer::4::c1",
            "path": "归档/Blog Public/日志 10.24--11.21.md",
            "uuid": "i_mo46uu7w_ubmes9",
            "aliases": [],
            "trackedFileUuid": "tf_mo46uu7w_x6qcxg",
            "trackedFileAliases": [],
            "queue": 0,
            "nextReview": 0,
            "learningStep": null,
            "timesReviewed": 0,
            "timesCorrect": 0,
            "errorStreak": 0,
            "data": {
              "due": "2026-04-18T10:22:47.420Z",
              "stability": 0,
              "difficulty": 0,
              "elapsed_days": 0,
              "scheduled_days": 0,
              "reps": 0,
              "lapses": 0,
              "learning_steps": 0,
              "state": 0
            }
          },
          {
            "key": "归档/Blog Public/日志 10.24--11.21.md::日志一 4 question::日志一 4 answer::5::c1",
            "path": "归档/Blog Public/日志 10.24--11.21.md",
            "uuid": "i_mo46uu7w_4bsrct",
            "aliases": [],
            "trackedFileUuid": "tf_mo46uu7w_x6qcxg",
            "trackedFileAliases": [],
            "queue": 0,
            "nextReview": 0,
            "learningStep": null,
            "timesReviewed": 0,
            "timesCorrect": 0,
            "errorStreak": 0,
            "data": {
              "due": "2026-04-18T10:22:47.420Z",
              "stability": 0,
              "difficulty": 0,
              "elapsed_days": 0,
              "scheduled_days": 0,
              "reps": 0,
              "lapses": 0,
              "learning_steps": 0,
              "state": 0
            }
          },
          {
            "key": "归档/Blog Public/日志 10.24--11.21.md::日志一 5 question::日志一 5 answer::6::c1",
            "path": "归档/Blog Public/日志 10.24--11.21.md",
            "uuid": "i_mo46uu7w_uxh6m6",
            "aliases": [],
            "trackedFileUuid": "tf_mo46uu7w_x6qcxg",
            "trackedFileAliases": [],
            "queue": 0,
            "nextReview": 0,
            "learningStep": null,
            "timesReviewed": 0,
            "timesCorrect": 0,
            "errorStreak": 0,
            "data": {
              "due": "2026-04-18T10:22:47.420Z",
              "stability": 0,
              "difficulty": 0,
              "elapsed_days": 0,
              "scheduled_days": 0,
              "reps": 0,
              "lapses": 0,
              "learning_steps": 0,
              "state": 0
            }
          },
          {
            "key": "归档/Blog Public/日志 10.24--11.21.md::日志一 6 question::日志一 6 answer::7::c1",
            "path": "归档/Blog Public/日志 10.24--11.21.md",
            "uuid": "i_mo46uu7w_x19lf6",
            "aliases": [],
            "trackedFileUuid": "tf_mo46uu7w_x6qcxg",
            "trackedFileAliases": [],
            "queue": 0,
            "nextReview": 0,
            "learningStep": null,
            "timesReviewed": 0,
            "timesCorrect": 0,
            "errorStreak": 0,
            "data": {
              "due": "2026-04-18T10:22:47.420Z",
              "stability": 0,
              "difficulty": 0,
              "elapsed_days": 0,
              "scheduled_days": 0,
              "reps": 0,
              "lapses": 0,
              "learning_steps": 0,
              "state": 0
            }
          },
          {
            "key": "归档/Blog Public/日志 10.24--11.21.md::日志一 7 question::日志一 7 answer::8::c1",
            "path": "归档/Blog Public/日志 10.24--11.21.md",
            "uuid": "i_mo46uu7w_7zpn5x",
            "aliases": [],
            "trackedFileUuid": "tf_mo46uu7w_x6qcxg",
            "trackedFileAliases": [],
            "queue": 0,
            "nextReview": 0,
            "learningStep": null,
            "timesReviewed": 0,
            "timesCorrect": 0,
            "errorStreak": 0,
            "data": {
              "due": "2026-04-18T10:22:47.420Z",
              "stability": 0,
              "difficulty": 0,
              "elapsed_days": 0,
              "scheduled_days": 0,
              "reps": 0,
              "lapses": 0,
              "learning_steps": 0,
              "state": 0
            }
          },
          {
            "key": "归档/Blog Public/日志 10.24--11.21.md::日志一 8 question::日志一 8 answer::9::c1",
            "path": "归档/Blog Public/日志 10.24--11.21.md",
            "uuid": "i_mo46uu7w_zfv379",
            "aliases": [],
            "trackedFileUuid": "tf_mo46uu7w_x6qcxg",
            "trackedFileAliases": [],
            "queue": 0,
            "nextReview": 0,
            "learningStep": null,
            "timesReviewed": 0,
            "timesCorrect": 0,
            "errorStreak": 0,
            "data": {
              "due": "2026-04-18T10:22:47.420Z",
              "stability": 0,
              "difficulty": 0,
              "elapsed_days": 0,
              "scheduled_days": 0,
              "reps": 0,
              "lapses": 0,
              "learning_steps": 0,
              "state": 0
            }
          },
          {
            "key": "归档/Blog Public/日志 10.24--11.21.md::日志一 9 question::日志一 9 answer::10::c1",
            "path": "归档/Blog Public/日志 10.24--11.21.md",
            "uuid": "i_mo46uu7w_tkyew6",
            "aliases": [],
            "trackedFileUuid": "tf_mo46uu7w_x6qcxg",
            "trackedFileAliases": [],
            "queue": 0,
            "nextReview": 0,
            "learningStep": null,
            "timesReviewed": 0,
            "timesCorrect": 0,
            "errorStreak": 0,
            "data": {
              "due": "2026-04-18T10:22:47.420Z",
              "stability": 0,
              "difficulty": 0,
              "elapsed_days": 0,
              "scheduled_days": 0,
              "reps": 0,
              "lapses": 0,
              "learning_steps": 0,
              "state": 0
            }
          },
          {
            "key": "归档/Blog Public/日志 11.12-12.10 后面丢失到1.21.md::日志二 1 question::日志二 1 answer::2::c1",
            "path": "归档/Blog Public/日志 11.12-12.10 后面丢失到1.21.md",
            "uuid": "i_mo46uu7w_0q3gpt",
            "aliases": [],
            "trackedFileUuid": "tf_mo46uu7w_rf7uf4",
            "trackedFileAliases": [],
            "queue": 1,
            "nextReview": 1776508367420,
            "learningStep": null,
            "timesReviewed": 1,
            "timesCorrect": 1,
            "errorStreak": 0,
            "data": {
              "due": "2026-04-18T10:32:47.420Z",
              "stability": 2.3065,
              "difficulty": 2.1181,
              "elapsed_days": 0,
              "scheduled_days": 0.006944444444444444,
              "reps": 1,
              "lapses": 0,
              "learning_steps": 1,
              "state": 1,
              "last_review": "2026-04-18T10:22:47.420Z"
            }
          },
          {
            "key": "归档/Blog Public/日志 11.12-12.10 后面丢失到1.21.md::日志二 10 question::日志二 10 answer::11::c1",
            "path": "归档/Blog Public/日志 11.12-12.10 后面丢失到1.21.md",
            "uuid": "i_mo46uu7w_kjh2nj",
            "aliases": [],
            "trackedFileUuid": "tf_mo46uu7w_rf7uf4",
            "trackedFileAliases": [],
            "queue": 0,
            "nextReview": 0,
            "learningStep": null,
            "timesReviewed": 0,
            "timesCorrect": 0,
            "errorStreak": 0,
            "data": {
              "due": "2026-04-18T10:22:47.420Z",
              "stability": 0,
              "difficulty": 0,
              "elapsed_days": 0,
              "scheduled_days": 0,
              "reps": 0,
              "lapses": 0,
              "learning_steps": 0,
              "state": 0
            }
          },
          {
            "key": "归档/Blog Public/日志 11.12-12.10 后面丢失到1.21.md::日志二 11 question::日志二 11 answer::12::c1",
            "path": "归档/Blog Public/日志 11.12-12.10 后面丢失到1.21.md",
            "uuid": "i_mo46uu7w_8tamgn",
            "aliases": [],
            "trackedFileUuid": "tf_mo46uu7w_rf7uf4",
            "trackedFileAliases": [],
            "queue": 0,
            "nextReview": 0,
            "learningStep": null,
            "timesReviewed": 0,
            "timesCorrect": 0,
            "errorStreak": 0,
            "data": {
              "due": "2026-04-18T10:22:47.420Z",
              "stability": 0,
              "difficulty": 0,
              "elapsed_days": 0,
              "scheduled_days": 0,
              "reps": 0,
              "lapses": 0,
              "learning_steps": 0,
              "state": 0
            }
          },
          {
            "key": "归档/Blog Public/日志 11.12-12.10 后面丢失到1.21.md::日志二 12 question::日志二 12 answer::13::c1",
            "path": "归档/Blog Public/日志 11.12-12.10 后面丢失到1.21.md",
            "uuid": "i_mo46uu7w_7v6pnv",
            "aliases": [],
            "trackedFileUuid": "tf_mo46uu7w_rf7uf4",
            "trackedFileAliases": [],
            "queue": 0,
            "nextReview": 0,
            "learningStep": null,
            "timesReviewed": 0,
            "timesCorrect": 0,
            "errorStreak": 0,
            "data": {
              "due": "2026-04-18T10:22:47.420Z",
              "stability": 0,
              "difficulty": 0,
              "elapsed_days": 0,
              "scheduled_days": 0,
              "reps": 0,
              "lapses": 0,
              "learning_steps": 0,
              "state": 0
            }
          },
          {
            "key": "归档/Blog Public/日志 11.12-12.10 后面丢失到1.21.md::日志二 13 question::日志二 13 answer::14::c1",
            "path": "归档/Blog Public/日志 11.12-12.10 后面丢失到1.21.md",
            "uuid": "i_mo46uu7w_pdo22z",
            "aliases": [],
            "trackedFileUuid": "tf_mo46uu7w_rf7uf4",
            "trackedFileAliases": [],
            "queue": 0,
            "nextReview": 0,
            "learningStep": null,
            "timesReviewed": 0,
            "timesCorrect": 0,
            "errorStreak": 0,
            "data": {
              "due": "2026-04-18T10:22:47.420Z",
              "stability": 0,
              "difficulty": 0,
              "elapsed_days": 0,
              "scheduled_days": 0,
              "reps": 0,
              "lapses": 0,
              "learning_steps": 0,
              "state": 0
            }
          },
          {
            "key": "归档/Blog Public/日志 11.12-12.10 后面丢失到1.21.md::日志二 14 question::日志二 14 answer::15::c1",
            "path": "归档/Blog Public/日志 11.12-12.10 后面丢失到1.21.md",
            "uuid": "i_mo46uu7w_6kkg4s",
            "aliases": [],
            "trackedFileUuid": "tf_mo46uu7w_rf7uf4",
            "trackedFileAliases": [],
            "queue": 0,
            "nextReview": 0,
            "learningStep": null,
            "timesReviewed": 0,
            "timesCorrect": 0,
            "errorStreak": 0,
            "data": {
              "due": "2026-04-18T10:22:47.420Z",
              "stability": 0,
              "difficulty": 0,
              "elapsed_days": 0,
              "scheduled_days": 0,
              "reps": 0,
              "lapses": 0,
              "learning_steps": 0,
              "state": 0
            }
          },
          {
            "key": "归档/Blog Public/日志 11.12-12.10 后面丢失到1.21.md::日志二 15 question::日志二 15 answer::16::c1",
            "path": "归档/Blog Public/日志 11.12-12.10 后面丢失到1.21.md",
            "uuid": "i_mo46uu7w_wqm1wf",
            "aliases": [],
            "trackedFileUuid": "tf_mo46uu7w_rf7uf4",
            "trackedFileAliases": [],
            "queue": 0,
            "nextReview": 0,
            "learningStep": null,
            "timesReviewed": 0,
            "timesCorrect": 0,
            "errorStreak": 0,
            "data": {
              "due": "2026-04-18T10:22:47.420Z",
              "stability": 0,
              "difficulty": 0,
              "elapsed_days": 0,
              "scheduled_days": 0,
              "reps": 0,
              "lapses": 0,
              "learning_steps": 0,
              "state": 0
            }
          },
          {
            "key": "归档/Blog Public/日志 11.12-12.10 后面丢失到1.21.md::日志二 16 question::日志二 16 answer::17::c1",
            "path": "归档/Blog Public/日志 11.12-12.10 后面丢失到1.21.md",
            "uuid": "i_mo46uu7w_io4mx6",
            "aliases": [],
            "trackedFileUuid": "tf_mo46uu7w_rf7uf4",
            "trackedFileAliases": [],
            "queue": 0,
            "nextReview": 0,
            "learningStep": null,
            "timesReviewed": 0,
            "timesCorrect": 0,
            "errorStreak": 0,
            "data": {
              "due": "2026-04-18T10:22:47.420Z",
              "stability": 0,
              "difficulty": 0,
              "elapsed_days": 0,
              "scheduled_days": 0,
              "reps": 0,
              "lapses": 0,
              "learning_steps": 0,
              "state": 0
            }
          },
          {
            "key": "归档/Blog Public/日志 11.12-12.10 后面丢失到1.21.md::日志二 17 question::日志二 17 answer::18::c1",
            "path": "归档/Blog Public/日志 11.12-12.10 后面丢失到1.21.md",
            "uuid": "i_mo46uu7w_hc63s8",
            "aliases": [],
            "trackedFileUuid": "tf_mo46uu7w_rf7uf4",
            "trackedFileAliases": [],
            "queue": 0,
            "nextReview": 0,
            "learningStep": null,
            "timesReviewed": 0,
            "timesCorrect": 0,
            "errorStreak": 0,
            "data": {
              "due": "2026-04-18T10:22:47.420Z",
              "stability": 0,
              "difficulty": 0,
              "elapsed_days": 0,
              "scheduled_days": 0,
              "reps": 0,
              "lapses": 0,
              "learning_steps": 0,
              "state": 0
            }
          },
          {
            "key": "归档/Blog Public/日志 11.12-12.10 后面丢失到1.21.md::日志二 18 question::日志二 18 answer::19::c1",
            "path": "归档/Blog Public/日志 11.12-12.10 后面丢失到1.21.md",
            "uuid": "i_mo46uu7w_044efa",
            "aliases": [],
            "trackedFileUuid": "tf_mo46uu7w_rf7uf4",
            "trackedFileAliases": [],
            "queue": 0,
            "nextReview": 0,
            "learningStep": null,
            "timesReviewed": 0,
            "timesCorrect": 0,
            "errorStreak": 0,
            "data": {
              "due": "2026-04-18T10:22:47.420Z",
              "stability": 0,
              "difficulty": 0,
              "elapsed_days": 0,
              "scheduled_days": 0,
              "reps": 0,
              "lapses": 0,
              "learning_steps": 0,
              "state": 0
            }
          },
          {
            "key": "归档/Blog Public/日志 11.12-12.10 后面丢失到1.21.md::日志二 19 question::日志二 19 answer::20::c1",
            "path": "归档/Blog Public/日志 11.12-12.10 后面丢失到1.21.md",
            "uuid": "i_mo46uu7w_kr8d8c",
            "aliases": [],
            "trackedFileUuid": "tf_mo46uu7w_rf7uf4",
            "trackedFileAliases": [],
            "queue": 0,
            "nextReview": 0,
            "learningStep": null,
            "timesReviewed": 0,
            "timesCorrect": 0,
            "errorStreak": 0,
            "data": {
              "due": "2026-04-18T10:22:47.420Z",
              "stability": 0,
              "difficulty": 0,
              "elapsed_days": 0,
              "scheduled_days": 0,
              "reps": 0,
              "lapses": 0,
              "learning_steps": 0,
              "state": 0
            }
          },
          {
            "key": "归档/Blog Public/日志 11.12-12.10 后面丢失到1.21.md::日志二 2 question::日志二 2 answer::3::c1",
            "path": "归档/Blog Public/日志 11.12-12.10 后面丢失到1.21.md",
            "uuid": "i_mo46uu7w_v76mjl",
            "aliases": [],
            "trackedFileUuid": "tf_mo46uu7w_rf7uf4",
            "trackedFileAliases": [],
            "queue": 1,
            "nextReview": 1776500400000,
            "learningStep": null,
            "timesReviewed": 1,
            "timesCorrect": 1,
            "errorStreak": 0,
            "data": {
              "due": "2026-04-18T08:20:00.000Z",
              "stability": 2.3065,
              "difficulty": 2.1181,
              "elapsed_days": 0,
              "scheduled_days": 0.006944444444444444,
              "reps": 1,
              "lapses": 0,
              "learning_steps": 1,
              "state": 1,
              "last_review": "2026-04-18T08:10:00.000Z"
            }
          },
          {
            "key": "归档/Blog Public/日志 11.12-12.10 后面丢失到1.21.md::日志二 20 question::日志二 20 answer::21::c1",
            "path": "归档/Blog Public/日志 11.12-12.10 后面丢失到1.21.md",
            "uuid": "i_mo46uu7w_oi5z4u",
            "aliases": [],
            "trackedFileUuid": "tf_mo46uu7w_rf7uf4",
            "trackedFileAliases": [],
            "queue": 0,
            "nextReview": 0,
            "learningStep": null,
            "timesReviewed": 0,
            "timesCorrect": 0,
            "errorStreak": 0,
            "data": {
              "due": "2026-04-18T10:22:47.420Z",
              "stability": 0,
              "difficulty": 0,
              "elapsed_days": 0,
              "scheduled_days": 0,
              "reps": 0,
              "lapses": 0,
              "learning_steps": 0,
              "state": 0
            }
          },
          {
            "key": "归档/Blog Public/日志 11.12-12.10 后面丢失到1.21.md::日志二 3 question::日志二 3 answer::4::c1",
            "path": "归档/Blog Public/日志 11.12-12.10 后面丢失到1.21.md",
            "uuid": "i_mo46uu7w_97x73l",
            "aliases": [],
            "trackedFileUuid": "tf_mo46uu7w_rf7uf4",
            "trackedFileAliases": [],
            "queue": 0,
            "nextReview": 0,
            "learningStep": null,
            "timesReviewed": 0,
            "timesCorrect": 0,
            "errorStreak": 0,
            "data": {
              "due": "2026-04-18T10:22:47.420Z",
              "stability": 0,
              "difficulty": 0,
              "elapsed_days": 0,
              "scheduled_days": 0,
              "reps": 0,
              "lapses": 0,
              "learning_steps": 0,
              "state": 0
            }
          },
          {
            "key": "归档/Blog Public/日志 11.12-12.10 后面丢失到1.21.md::日志二 4 question::日志二 4 answer::5::c1",
            "path": "归档/Blog Public/日志 11.12-12.10 后面丢失到1.21.md",
            "uuid": "i_mo46uu7w_99hj1g",
            "aliases": [],
            "trackedFileUuid": "tf_mo46uu7w_rf7uf4",
            "trackedFileAliases": [],
            "queue": 0,
            "nextReview": 0,
            "learningStep": null,
            "timesReviewed": 0,
            "timesCorrect": 0,
            "errorStreak": 0,
            "data": {
              "due": "2026-04-18T10:22:47.420Z",
              "stability": 0,
              "difficulty": 0,
              "elapsed_days": 0,
              "scheduled_days": 0,
              "reps": 0,
              "lapses": 0,
              "learning_steps": 0,
              "state": 0
            }
          },
          {
            "key": "归档/Blog Public/日志 11.12-12.10 后面丢失到1.21.md::日志二 5 question::日志二 5 answer::6::c1",
            "path": "归档/Blog Public/日志 11.12-12.10 后面丢失到1.21.md",
            "uuid": "i_mo46uu7w_4asv3o",
            "aliases": [],
            "trackedFileUuid": "tf_mo46uu7w_rf7uf4",
            "trackedFileAliases": [],
            "queue": 0,
            "nextReview": 0,
            "learningStep": null,
            "timesReviewed": 0,
            "timesCorrect": 0,
            "errorStreak": 0,
            "data": {
              "due": "2026-04-18T10:22:47.420Z",
              "stability": 0,
              "difficulty": 0,
              "elapsed_days": 0,
              "scheduled_days": 0,
              "reps": 0,
              "lapses": 0,
              "learning_steps": 0,
              "state": 0
            }
          },
          {
            "key": "归档/Blog Public/日志 11.12-12.10 后面丢失到1.21.md::日志二 6 question::日志二 6 answer::7::c1",
            "path": "归档/Blog Public/日志 11.12-12.10 后面丢失到1.21.md",
            "uuid": "i_mo46uu7w_1i0umu",
            "aliases": [],
            "trackedFileUuid": "tf_mo46uu7w_rf7uf4",
            "trackedFileAliases": [],
            "queue": 0,
            "nextReview": 0,
            "learningStep": null,
            "timesReviewed": 0,
            "timesCorrect": 0,
            "errorStreak": 0,
            "data": {
              "due": "2026-04-18T10:22:47.420Z",
              "stability": 0,
              "difficulty": 0,
              "elapsed_days": 0,
              "scheduled_days": 0,
              "reps": 0,
              "lapses": 0,
              "learning_steps": 0,
              "state": 0
            }
          },
          {
            "key": "归档/Blog Public/日志 11.12-12.10 后面丢失到1.21.md::日志二 7 question::日志二 7 answer::8::c1",
            "path": "归档/Blog Public/日志 11.12-12.10 后面丢失到1.21.md",
            "uuid": "i_mo46uu7w_zedgdi",
            "aliases": [],
            "trackedFileUuid": "tf_mo46uu7w_rf7uf4",
            "trackedFileAliases": [],
            "queue": 0,
            "nextReview": 0,
            "learningStep": null,
            "timesReviewed": 0,
            "timesCorrect": 0,
            "errorStreak": 0,
            "data": {
              "due": "2026-04-18T10:22:47.420Z",
              "stability": 0,
              "difficulty": 0,
              "elapsed_days": 0,
              "scheduled_days": 0,
              "reps": 0,
              "lapses": 0,
              "learning_steps": 0,
              "state": 0
            }
          },
          {
            "key": "归档/Blog Public/日志 11.12-12.10 后面丢失到1.21.md::日志二 8 question::日志二 8 answer::9::c1",
            "path": "归档/Blog Public/日志 11.12-12.10 后面丢失到1.21.md",
            "uuid": "i_mo46uu7w_ugehoa",
            "aliases": [],
            "trackedFileUuid": "tf_mo46uu7w_rf7uf4",
            "trackedFileAliases": [],
            "queue": 0,
            "nextReview": 0,
            "learningStep": null,
            "timesReviewed": 0,
            "timesCorrect": 0,
            "errorStreak": 0,
            "data": {
              "due": "2026-04-18T10:22:47.420Z",
              "stability": 0,
              "difficulty": 0,
              "elapsed_days": 0,
              "scheduled_days": 0,
              "reps": 0,
              "lapses": 0,
              "learning_steps": 0,
              "state": 0
            }
          },
          {
            "key": "归档/Blog Public/日志 11.12-12.10 后面丢失到1.21.md::日志二 9 question::日志二 9 answer::10::c1",
            "path": "归档/Blog Public/日志 11.12-12.10 后面丢失到1.21.md",
            "uuid": "i_mo46uu7w_zpdeu8",
            "aliases": [],
            "trackedFileUuid": "tf_mo46uu7w_rf7uf4",
            "trackedFileAliases": [],
            "queue": 0,
            "nextReview": 0,
            "learningStep": null,
            "timesReviewed": 0,
            "timesCorrect": 0,
            "errorStreak": 0,
            "data": {
              "due": "2026-04-18T10:22:47.420Z",
              "stability": 0,
              "difficulty": 0,
              "elapsed_days": 0,
              "scheduled_days": 0,
              "reps": 0,
              "lapses": 0,
              "learning_steps": 0,
              "state": 0
            }
          }
        ],
        "mobile": [
          {
            "key": "归档/Blog Public/日志 10.24--11.21.md::日志一 1 question::日志一 1 answer::2::c1",
            "path": "归档/Blog Public/日志 10.24--11.21.md",
            "uuid": "i_mo46uu7w_mqwytj",
            "aliases": [],
            "trackedFileUuid": "tf_mo46uu7w_x6qcxg",
            "trackedFileAliases": [],
            "queue": 2,
            "nextReview": 1776672600000,
            "learningStep": null,
            "timesReviewed": 2,
            "timesCorrect": 2,
            "errorStreak": 0,
            "data": {
              "due": "2026-04-20T08:10:00.000Z",
              "stability": 2.3065,
              "difficulty": 2.11121,
              "elapsed_days": 0,
              "scheduled_days": 2,
              "reps": 2,
              "lapses": 0,
              "learning_steps": 0,
              "state": 2,
              "last_review": "2026-04-18T08:10:00.000Z"
            }
          },
          {
            "key": "归档/Blog Public/日志 10.24--11.21.md::日志一 10 question::日志一 10 answer::11::c1",
            "path": "归档/Blog Public/日志 10.24--11.21.md",
            "uuid": "i_mo46uu7w_b28lsj",
            "aliases": [],
            "trackedFileUuid": "tf_mo46uu7w_x6qcxg",
            "trackedFileAliases": [],
            "queue": 0,
            "nextReview": 0,
            "learningStep": null,
            "timesReviewed": 0,
            "timesCorrect": 0,
            "errorStreak": 0,
            "data": {
              "due": "2026-04-18T10:22:47.420Z",
              "stability": 0,
              "difficulty": 0,
              "elapsed_days": 0,
              "scheduled_days": 0,
              "reps": 0,
              "lapses": 0,
              "learning_steps": 0,
              "state": 0
            }
          },
          {
            "key": "归档/Blog Public/日志 10.24--11.21.md::日志一 11 question::日志一 11 answer::12::c1",
            "path": "归档/Blog Public/日志 10.24--11.21.md",
            "uuid": "i_mo46uu7w_crcdl9",
            "aliases": [],
            "trackedFileUuid": "tf_mo46uu7w_x6qcxg",
            "trackedFileAliases": [],
            "queue": 0,
            "nextReview": 0,
            "learningStep": null,
            "timesReviewed": 0,
            "timesCorrect": 0,
            "errorStreak": 0,
            "data": {
              "due": "2026-04-18T10:22:47.420Z",
              "stability": 0,
              "difficulty": 0,
              "elapsed_days": 0,
              "scheduled_days": 0,
              "reps": 0,
              "lapses": 0,
              "learning_steps": 0,
              "state": 0
            }
          },
          {
            "key": "归档/Blog Public/日志 10.24--11.21.md::日志一 12 question::日志一 12 answer::13::c1",
            "path": "归档/Blog Public/日志 10.24--11.21.md",
            "uuid": "i_mo46uu7w_6jkrzu",
            "aliases": [],
            "trackedFileUuid": "tf_mo46uu7w_x6qcxg",
            "trackedFileAliases": [],
            "queue": 0,
            "nextReview": 0,
            "learningStep": null,
            "timesReviewed": 0,
            "timesCorrect": 0,
            "errorStreak": 0,
            "data": {
              "due": "2026-04-18T10:22:47.420Z",
              "stability": 0,
              "difficulty": 0,
              "elapsed_days": 0,
              "scheduled_days": 0,
              "reps": 0,
              "lapses": 0,
              "learning_steps": 0,
              "state": 0
            }
          },
          {
            "key": "归档/Blog Public/日志 10.24--11.21.md::日志一 13 question::日志一 13 answer::14::c1",
            "path": "归档/Blog Public/日志 10.24--11.21.md",
            "uuid": "i_mo46uu7w_ul8e1e",
            "aliases": [],
            "trackedFileUuid": "tf_mo46uu7w_x6qcxg",
            "trackedFileAliases": [],
            "queue": 0,
            "nextReview": 0,
            "learningStep": null,
            "timesReviewed": 0,
            "timesCorrect": 0,
            "errorStreak": 0,
            "data": {
              "due": "2026-04-18T10:22:47.420Z",
              "stability": 0,
              "difficulty": 0,
              "elapsed_days": 0,
              "scheduled_days": 0,
              "reps": 0,
              "lapses": 0,
              "learning_steps": 0,
              "state": 0
            }
          },
          {
            "key": "归档/Blog Public/日志 10.24--11.21.md::日志一 14 question::日志一 14 answer::15::c1",
            "path": "归档/Blog Public/日志 10.24--11.21.md",
            "uuid": "i_mo46uu7w_8g0ejg",
            "aliases": [],
            "trackedFileUuid": "tf_mo46uu7w_x6qcxg",
            "trackedFileAliases": [],
            "queue": 0,
            "nextReview": 0,
            "learningStep": null,
            "timesReviewed": 0,
            "timesCorrect": 0,
            "errorStreak": 0,
            "data": {
              "due": "2026-04-18T10:22:47.420Z",
              "stability": 0,
              "difficulty": 0,
              "elapsed_days": 0,
              "scheduled_days": 0,
              "reps": 0,
              "lapses": 0,
              "learning_steps": 0,
              "state": 0
            }
          },
          {
            "key": "归档/Blog Public/日志 10.24--11.21.md::日志一 15 question::日志一 15 answer::16::c1",
            "path": "归档/Blog Public/日志 10.24--11.21.md",
            "uuid": "i_mo46uu7w_jijoti",
            "aliases": [],
            "trackedFileUuid": "tf_mo46uu7w_x6qcxg",
            "trackedFileAliases": [],
            "queue": 0,
            "nextReview": 0,
            "learningStep": null,
            "timesReviewed": 0,
            "timesCorrect": 0,
            "errorStreak": 0,
            "data": {
              "due": "2026-04-18T10:22:47.420Z",
              "stability": 0,
              "difficulty": 0,
              "elapsed_days": 0,
              "scheduled_days": 0,
              "reps": 0,
              "lapses": 0,
              "learning_steps": 0,
              "state": 0
            }
          },
          {
            "key": "归档/Blog Public/日志 10.24--11.21.md::日志一 16 question::日志一 16 answer::17::c1",
            "path": "归档/Blog Public/日志 10.24--11.21.md",
            "uuid": "i_mo46uu7w_idohu6",
            "aliases": [],
            "trackedFileUuid": "tf_mo46uu7w_x6qcxg",
            "trackedFileAliases": [],
            "queue": 0,
            "nextReview": 0,
            "learningStep": null,
            "timesReviewed": 0,
            "timesCorrect": 0,
            "errorStreak": 0,
            "data": {
              "due": "2026-04-18T10:22:47.420Z",
              "stability": 0,
              "difficulty": 0,
              "elapsed_days": 0,
              "scheduled_days": 0,
              "reps": 0,
              "lapses": 0,
              "learning_steps": 0,
              "state": 0
            }
          },
          {
            "key": "归档/Blog Public/日志 10.24--11.21.md::日志一 17 question::日志一 17 answer::18::c1",
            "path": "归档/Blog Public/日志 10.24--11.21.md",
            "uuid": "i_mo46uu7w_5gspwg",
            "aliases": [],
            "trackedFileUuid": "tf_mo46uu7w_x6qcxg",
            "trackedFileAliases": [],
            "queue": 0,
            "nextReview": 0,
            "learningStep": null,
            "timesReviewed": 0,
            "timesCorrect": 0,
            "errorStreak": 0,
            "data": {
              "due": "2026-04-18T10:22:47.420Z",
              "stability": 0,
              "difficulty": 0,
              "elapsed_days": 0,
              "scheduled_days": 0,
              "reps": 0,
              "lapses": 0,
              "learning_steps": 0,
              "state": 0
            }
          },
          {
            "key": "归档/Blog Public/日志 10.24--11.21.md::日志一 18 question::日志一 18 answer::19::c1",
            "path": "归档/Blog Public/日志 10.24--11.21.md",
            "uuid": "i_mo46uu7w_szhkz9",
            "aliases": [],
            "trackedFileUuid": "tf_mo46uu7w_x6qcxg",
            "trackedFileAliases": [],
            "queue": 0,
            "nextReview": 0,
            "learningStep": null,
            "timesReviewed": 0,
            "timesCorrect": 0,
            "errorStreak": 0,
            "data": {
              "due": "2026-04-18T10:22:47.420Z",
              "stability": 0,
              "difficulty": 0,
              "elapsed_days": 0,
              "scheduled_days": 0,
              "reps": 0,
              "lapses": 0,
              "learning_steps": 0,
              "state": 0
            }
          },
          {
            "key": "归档/Blog Public/日志 10.24--11.21.md::日志一 19 question::日志一 19 answer::20::c1",
            "path": "归档/Blog Public/日志 10.24--11.21.md",
            "uuid": "i_mo46uu7w_kwp1xm",
            "aliases": [],
            "trackedFileUuid": "tf_mo46uu7w_x6qcxg",
            "trackedFileAliases": [],
            "queue": 0,
            "nextReview": 0,
            "learningStep": null,
            "timesReviewed": 0,
            "timesCorrect": 0,
            "errorStreak": 0,
            "data": {
              "due": "2026-04-18T10:22:47.420Z",
              "stability": 0,
              "difficulty": 0,
              "elapsed_days": 0,
              "scheduled_days": 0,
              "reps": 0,
              "lapses": 0,
              "learning_steps": 0,
              "state": 0
            }
          },
          {
            "key": "归档/Blog Public/日志 10.24--11.21.md::日志一 2 question::日志一 2 answer::3::c1",
            "path": "归档/Blog Public/日志 10.24--11.21.md",
            "uuid": "i_mo46uu7w_tsp7yc",
            "aliases": [],
            "trackedFileUuid": "tf_mo46uu7w_x6qcxg",
            "trackedFileAliases": [],
            "queue": 1,
            "nextReview": 1776508367420,
            "learningStep": null,
            "timesReviewed": 1,
            "timesCorrect": 1,
            "errorStreak": 0,
            "data": {
              "due": "2026-04-18T10:32:47.420Z",
              "stability": 2.3065,
              "difficulty": 2.1181,
              "elapsed_days": 0,
              "scheduled_days": 0.006944444444444444,
              "reps": 1,
              "lapses": 0,
              "learning_steps": 1,
              "state": 1,
              "last_review": "2026-04-18T10:22:47.420Z"
            }
          },
          {
            "key": "归档/Blog Public/日志 10.24--11.21.md::日志一 20 question::日志一 20 answer::21::c1",
            "path": "归档/Blog Public/日志 10.24--11.21.md",
            "uuid": "i_mo46uu7w_ps5kw9",
            "aliases": [],
            "trackedFileUuid": "tf_mo46uu7w_x6qcxg",
            "trackedFileAliases": [],
            "queue": 0,
            "nextReview": 0,
            "learningStep": null,
            "timesReviewed": 0,
            "timesCorrect": 0,
            "errorStreak": 0,
            "data": {
              "due": "2026-04-18T10:22:47.420Z",
              "stability": 0,
              "difficulty": 0,
              "elapsed_days": 0,
              "scheduled_days": 0,
              "reps": 0,
              "lapses": 0,
              "learning_steps": 0,
              "state": 0
            }
          },
          {
            "key": "归档/Blog Public/日志 10.24--11.21.md::日志一 3 question::日志一 3 answer::4::c1",
            "path": "归档/Blog Public/日志 10.24--11.21.md",
            "uuid": "i_mo46uu7w_ubmes9",
            "aliases": [],
            "trackedFileUuid": "tf_mo46uu7w_x6qcxg",
            "trackedFileAliases": [],
            "queue": 0,
            "nextReview": 0,
            "learningStep": null,
            "timesReviewed": 0,
            "timesCorrect": 0,
            "errorStreak": 0,
            "data": {
              "due": "2026-04-18T10:22:47.420Z",
              "stability": 0,
              "difficulty": 0,
              "elapsed_days": 0,
              "scheduled_days": 0,
              "reps": 0,
              "lapses": 0,
              "learning_steps": 0,
              "state": 0
            }
          },
          {
            "key": "归档/Blog Public/日志 10.24--11.21.md::日志一 4 question::日志一 4 answer::5::c1",
            "path": "归档/Blog Public/日志 10.24--11.21.md",
            "uuid": "i_mo46uu7w_4bsrct",
            "aliases": [],
            "trackedFileUuid": "tf_mo46uu7w_x6qcxg",
            "trackedFileAliases": [],
            "queue": 0,
            "nextReview": 0,
            "learningStep": null,
            "timesReviewed": 0,
            "timesCorrect": 0,
            "errorStreak": 0,
            "data": {
              "due": "2026-04-18T10:22:47.420Z",
              "stability": 0,
              "difficulty": 0,
              "elapsed_days": 0,
              "scheduled_days": 0,
              "reps": 0,
              "lapses": 0,
              "learning_steps": 0,
              "state": 0
            }
          },
          {
            "key": "归档/Blog Public/日志 10.24--11.21.md::日志一 5 question::日志一 5 answer::6::c1",
            "path": "归档/Blog Public/日志 10.24--11.21.md",
            "uuid": "i_mo46uu7w_uxh6m6",
            "aliases": [],
            "trackedFileUuid": "tf_mo46uu7w_x6qcxg",
            "trackedFileAliases": [],
            "queue": 0,
            "nextReview": 0,
            "learningStep": null,
            "timesReviewed": 0,
            "timesCorrect": 0,
            "errorStreak": 0,
            "data": {
              "due": "2026-04-18T10:22:47.420Z",
              "stability": 0,
              "difficulty": 0,
              "elapsed_days": 0,
              "scheduled_days": 0,
              "reps": 0,
              "lapses": 0,
              "learning_steps": 0,
              "state": 0
            }
          },
          {
            "key": "归档/Blog Public/日志 10.24--11.21.md::日志一 6 question::日志一 6 answer::7::c1",
            "path": "归档/Blog Public/日志 10.24--11.21.md",
            "uuid": "i_mo46uu7w_x19lf6",
            "aliases": [],
            "trackedFileUuid": "tf_mo46uu7w_x6qcxg",
            "trackedFileAliases": [],
            "queue": 0,
            "nextReview": 0,
            "learningStep": null,
            "timesReviewed": 0,
            "timesCorrect": 0,
            "errorStreak": 0,
            "data": {
              "due": "2026-04-18T10:22:47.420Z",
              "stability": 0,
              "difficulty": 0,
              "elapsed_days": 0,
              "scheduled_days": 0,
              "reps": 0,
              "lapses": 0,
              "learning_steps": 0,
              "state": 0
            }
          },
          {
            "key": "归档/Blog Public/日志 10.24--11.21.md::日志一 7 question::日志一 7 answer::8::c1",
            "path": "归档/Blog Public/日志 10.24--11.21.md",
            "uuid": "i_mo46uu7w_7zpn5x",
            "aliases": [],
            "trackedFileUuid": "tf_mo46uu7w_x6qcxg",
            "trackedFileAliases": [],
            "queue": 0,
            "nextReview": 0,
            "learningStep": null,
            "timesReviewed": 0,
            "timesCorrect": 0,
            "errorStreak": 0,
            "data": {
              "due": "2026-04-18T10:22:47.420Z",
              "stability": 0,
              "difficulty": 0,
              "elapsed_days": 0,
              "scheduled_days": 0,
              "reps": 0,
              "lapses": 0,
              "learning_steps": 0,
              "state": 0
            }
          },
          {
            "key": "归档/Blog Public/日志 10.24--11.21.md::日志一 8 question::日志一 8 answer::9::c1",
            "path": "归档/Blog Public/日志 10.24--11.21.md",
            "uuid": "i_mo46uu7w_zfv379",
            "aliases": [],
            "trackedFileUuid": "tf_mo46uu7w_x6qcxg",
            "trackedFileAliases": [],
            "queue": 0,
            "nextReview": 0,
            "learningStep": null,
            "timesReviewed": 0,
            "timesCorrect": 0,
            "errorStreak": 0,
            "data": {
              "due": "2026-04-18T10:22:47.420Z",
              "stability": 0,
              "difficulty": 0,
              "elapsed_days": 0,
              "scheduled_days": 0,
              "reps": 0,
              "lapses": 0,
              "learning_steps": 0,
              "state": 0
            }
          },
          {
            "key": "归档/Blog Public/日志 10.24--11.21.md::日志一 9 question::日志一 9 answer::10::c1",
            "path": "归档/Blog Public/日志 10.24--11.21.md",
            "uuid": "i_mo46uu7w_tkyew6",
            "aliases": [],
            "trackedFileUuid": "tf_mo46uu7w_x6qcxg",
            "trackedFileAliases": [],
            "queue": 0,
            "nextReview": 0,
            "learningStep": null,
            "timesReviewed": 0,
            "timesCorrect": 0,
            "errorStreak": 0,
            "data": {
              "due": "2026-04-18T10:22:47.420Z",
              "stability": 0,
              "difficulty": 0,
              "elapsed_days": 0,
              "scheduled_days": 0,
              "reps": 0,
              "lapses": 0,
              "learning_steps": 0,
              "state": 0
            }
          },
          {
            "key": "归档/Blog Public/日志 11.12-12.10 后面丢失到1.21.md::日志二 1 question::日志二 1 answer::2::c1",
            "path": "归档/Blog Public/日志 11.12-12.10 后面丢失到1.21.md",
            "uuid": "i_mo46uu7w_0q3gpt",
            "aliases": [],
            "trackedFileUuid": "tf_mo46uu7w_rf7uf4",
            "trackedFileAliases": [],
            "queue": 2,
            "nextReview": 1776672600000,
            "learningStep": null,
            "timesReviewed": 2,
            "timesCorrect": 2,
            "errorStreak": 0,
            "data": {
              "due": "2026-04-20T08:10:00.000Z",
              "stability": 2.3065,
              "difficulty": 2.11121,
              "elapsed_days": 0,
              "scheduled_days": 2,
              "reps": 2,
              "lapses": 0,
              "learning_steps": 0,
              "state": 2,
              "last_review": "2026-04-18T08:10:00.000Z"
            }
          },
          {
            "key": "归档/Blog Public/日志 11.12-12.10 后面丢失到1.21.md::日志二 10 question::日志二 10 answer::11::c1",
            "path": "归档/Blog Public/日志 11.12-12.10 后面丢失到1.21.md",
            "uuid": "i_mo46uu7w_kjh2nj",
            "aliases": [],
            "trackedFileUuid": "tf_mo46uu7w_rf7uf4",
            "trackedFileAliases": [],
            "queue": 0,
            "nextReview": 0,
            "learningStep": null,
            "timesReviewed": 0,
            "timesCorrect": 0,
            "errorStreak": 0,
            "data": {
              "due": "2026-04-18T10:22:47.420Z",
              "stability": 0,
              "difficulty": 0,
              "elapsed_days": 0,
              "scheduled_days": 0,
              "reps": 0,
              "lapses": 0,
              "learning_steps": 0,
              "state": 0
            }
          },
          {
            "key": "归档/Blog Public/日志 11.12-12.10 后面丢失到1.21.md::日志二 11 question::日志二 11 answer::12::c1",
            "path": "归档/Blog Public/日志 11.12-12.10 后面丢失到1.21.md",
            "uuid": "i_mo46uu7w_8tamgn",
            "aliases": [],
            "trackedFileUuid": "tf_mo46uu7w_rf7uf4",
            "trackedFileAliases": [],
            "queue": 0,
            "nextReview": 0,
            "learningStep": null,
            "timesReviewed": 0,
            "timesCorrect": 0,
            "errorStreak": 0,
            "data": {
              "due": "2026-04-18T10:22:47.420Z",
              "stability": 0,
              "difficulty": 0,
              "elapsed_days": 0,
              "scheduled_days": 0,
              "reps": 0,
              "lapses": 0,
              "learning_steps": 0,
              "state": 0
            }
          },
          {
            "key": "归档/Blog Public/日志 11.12-12.10 后面丢失到1.21.md::日志二 12 question::日志二 12 answer::13::c1",
            "path": "归档/Blog Public/日志 11.12-12.10 后面丢失到1.21.md",
            "uuid": "i_mo46uu7w_7v6pnv",
            "aliases": [],
            "trackedFileUuid": "tf_mo46uu7w_rf7uf4",
            "trackedFileAliases": [],
            "queue": 0,
            "nextReview": 0,
            "learningStep": null,
            "timesReviewed": 0,
            "timesCorrect": 0,
            "errorStreak": 0,
            "data": {
              "due": "2026-04-18T10:22:47.420Z",
              "stability": 0,
              "difficulty": 0,
              "elapsed_days": 0,
              "scheduled_days": 0,
              "reps": 0,
              "lapses": 0,
              "learning_steps": 0,
              "state": 0
            }
          },
          {
            "key": "归档/Blog Public/日志 11.12-12.10 后面丢失到1.21.md::日志二 13 question::日志二 13 answer::14::c1",
            "path": "归档/Blog Public/日志 11.12-12.10 后面丢失到1.21.md",
            "uuid": "i_mo46uu7w_pdo22z",
            "aliases": [],
            "trackedFileUuid": "tf_mo46uu7w_rf7uf4",
            "trackedFileAliases": [],
            "queue": 0,
            "nextReview": 0,
            "learningStep": null,
            "timesReviewed": 0,
            "timesCorrect": 0,
            "errorStreak": 0,
            "data": {
              "due": "2026-04-18T10:22:47.420Z",
              "stability": 0,
              "difficulty": 0,
              "elapsed_days": 0,
              "scheduled_days": 0,
              "reps": 0,
              "lapses": 0,
              "learning_steps": 0,
              "state": 0
            }
          },
          {
            "key": "归档/Blog Public/日志 11.12-12.10 后面丢失到1.21.md::日志二 14 question::日志二 14 answer::15::c1",
            "path": "归档/Blog Public/日志 11.12-12.10 后面丢失到1.21.md",
            "uuid": "i_mo46uu7w_6kkg4s",
            "aliases": [],
            "trackedFileUuid": "tf_mo46uu7w_rf7uf4",
            "trackedFileAliases": [],
            "queue": 0,
            "nextReview": 0,
            "learningStep": null,
            "timesReviewed": 0,
            "timesCorrect": 0,
            "errorStreak": 0,
            "data": {
              "due": "2026-04-18T10:22:47.420Z",
              "stability": 0,
              "difficulty": 0,
              "elapsed_days": 0,
              "scheduled_days": 0,
              "reps": 0,
              "lapses": 0,
              "learning_steps": 0,
              "state": 0
            }
          },
          {
            "key": "归档/Blog Public/日志 11.12-12.10 后面丢失到1.21.md::日志二 15 question::日志二 15 answer::16::c1",
            "path": "归档/Blog Public/日志 11.12-12.10 后面丢失到1.21.md",
            "uuid": "i_mo46uu7w_wqm1wf",
            "aliases": [],
            "trackedFileUuid": "tf_mo46uu7w_rf7uf4",
            "trackedFileAliases": [],
            "queue": 0,
            "nextReview": 0,
            "learningStep": null,
            "timesReviewed": 0,
            "timesCorrect": 0,
            "errorStreak": 0,
            "data": {
              "due": "2026-04-18T10:22:47.420Z",
              "stability": 0,
              "difficulty": 0,
              "elapsed_days": 0,
              "scheduled_days": 0,
              "reps": 0,
              "lapses": 0,
              "learning_steps": 0,
              "state": 0
            }
          },
          {
            "key": "归档/Blog Public/日志 11.12-12.10 后面丢失到1.21.md::日志二 16 question::日志二 16 answer::17::c1",
            "path": "归档/Blog Public/日志 11.12-12.10 后面丢失到1.21.md",
            "uuid": "i_mo46uu7w_io4mx6",
            "aliases": [],
            "trackedFileUuid": "tf_mo46uu7w_rf7uf4",
            "trackedFileAliases": [],
            "queue": 0,
            "nextReview": 0,
            "learningStep": null,
            "timesReviewed": 0,
            "timesCorrect": 0,
            "errorStreak": 0,
            "data": {
              "due": "2026-04-18T10:22:47.420Z",
              "stability": 0,
              "difficulty": 0,
              "elapsed_days": 0,
              "scheduled_days": 0,
              "reps": 0,
              "lapses": 0,
              "learning_steps": 0,
              "state": 0
            }
          },
          {
            "key": "归档/Blog Public/日志 11.12-12.10 后面丢失到1.21.md::日志二 17 question::日志二 17 answer::18::c1",
            "path": "归档/Blog Public/日志 11.12-12.10 后面丢失到1.21.md",
            "uuid": "i_mo46uu7w_hc63s8",
            "aliases": [],
            "trackedFileUuid": "tf_mo46uu7w_rf7uf4",
            "trackedFileAliases": [],
            "queue": 0,
            "nextReview": 0,
            "learningStep": null,
            "timesReviewed": 0,
            "timesCorrect": 0,
            "errorStreak": 0,
            "data": {
              "due": "2026-04-18T10:22:47.420Z",
              "stability": 0,
              "difficulty": 0,
              "elapsed_days": 0,
              "scheduled_days": 0,
              "reps": 0,
              "lapses": 0,
              "learning_steps": 0,
              "state": 0
            }
          },
          {
            "key": "归档/Blog Public/日志 11.12-12.10 后面丢失到1.21.md::日志二 18 question::日志二 18 answer::19::c1",
            "path": "归档/Blog Public/日志 11.12-12.10 后面丢失到1.21.md",
            "uuid": "i_mo46uu7w_044efa",
            "aliases": [],
            "trackedFileUuid": "tf_mo46uu7w_rf7uf4",
            "trackedFileAliases": [],
            "queue": 0,
            "nextReview": 0,
            "learningStep": null,
            "timesReviewed": 0,
            "timesCorrect": 0,
            "errorStreak": 0,
            "data": {
              "due": "2026-04-18T10:22:47.420Z",
              "stability": 0,
              "difficulty": 0,
              "elapsed_days": 0,
              "scheduled_days": 0,
              "reps": 0,
              "lapses": 0,
              "learning_steps": 0,
              "state": 0
            }
          },
          {
            "key": "归档/Blog Public/日志 11.12-12.10 后面丢失到1.21.md::日志二 19 question::日志二 19 answer::20::c1",
            "path": "归档/Blog Public/日志 11.12-12.10 后面丢失到1.21.md",
            "uuid": "i_mo46uu7w_kr8d8c",
            "aliases": [],
            "trackedFileUuid": "tf_mo46uu7w_rf7uf4",
            "trackedFileAliases": [],
            "queue": 0,
            "nextReview": 0,
            "learningStep": null,
            "timesReviewed": 0,
            "timesCorrect": 0,
            "errorStreak": 0,
            "data": {
              "due": "2026-04-18T10:22:47.420Z",
              "stability": 0,
              "difficulty": 0,
              "elapsed_days": 0,
              "scheduled_days": 0,
              "reps": 0,
              "lapses": 0,
              "learning_steps": 0,
              "state": 0
            }
          },
          {
            "key": "归档/Blog Public/日志 11.12-12.10 后面丢失到1.21.md::日志二 2 question::日志二 2 answer::3::c1",
            "path": "归档/Blog Public/日志 11.12-12.10 后面丢失到1.21.md",
            "uuid": "i_mo46uu7w_v76mjl",
            "aliases": [],
            "trackedFileUuid": "tf_mo46uu7w_rf7uf4",
            "trackedFileAliases": [],
            "queue": 1,
            "nextReview": 1776500400000,
            "learningStep": null,
            "timesReviewed": 1,
            "timesCorrect": 1,
            "errorStreak": 0,
            "data": {
              "due": "2026-04-18T08:20:00.000Z",
              "stability": 2.3065,
              "difficulty": 2.1181,
              "elapsed_days": 0,
              "scheduled_days": 0.006944444444444444,
              "reps": 1,
              "lapses": 0,
              "learning_steps": 1,
              "state": 1,
              "last_review": "2026-04-18T08:10:00.000Z"
            }
          },
          {
            "key": "归档/Blog Public/日志 11.12-12.10 后面丢失到1.21.md::日志二 20 question::日志二 20 answer::21::c1",
            "path": "归档/Blog Public/日志 11.12-12.10 后面丢失到1.21.md",
            "uuid": "i_mo46uu7w_oi5z4u",
            "aliases": [],
            "trackedFileUuid": "tf_mo46uu7w_rf7uf4",
            "trackedFileAliases": [],
            "queue": 0,
            "nextReview": 0,
            "learningStep": null,
            "timesReviewed": 0,
            "timesCorrect": 0,
            "errorStreak": 0,
            "data": {
              "due": "2026-04-18T10:22:47.420Z",
              "stability": 0,
              "difficulty": 0,
              "elapsed_days": 0,
              "scheduled_days": 0,
              "reps": 0,
              "lapses": 0,
              "learning_steps": 0,
              "state": 0
            }
          },
          {
            "key": "归档/Blog Public/日志 11.12-12.10 后面丢失到1.21.md::日志二 3 question::日志二 3 answer::4::c1",
            "path": "归档/Blog Public/日志 11.12-12.10 后面丢失到1.21.md",
            "uuid": "i_mo46uu7w_97x73l",
            "aliases": [],
            "trackedFileUuid": "tf_mo46uu7w_rf7uf4",
            "trackedFileAliases": [],
            "queue": 0,
            "nextReview": 0,
            "learningStep": null,
            "timesReviewed": 0,
            "timesCorrect": 0,
            "errorStreak": 0,
            "data": {
              "due": "2026-04-18T10:22:47.420Z",
              "stability": 0,
              "difficulty": 0,
              "elapsed_days": 0,
              "scheduled_days": 0,
              "reps": 0,
              "lapses": 0,
              "learning_steps": 0,
              "state": 0
            }
          },
          {
            "key": "归档/Blog Public/日志 11.12-12.10 后面丢失到1.21.md::日志二 4 question::日志二 4 answer::5::c1",
            "path": "归档/Blog Public/日志 11.12-12.10 后面丢失到1.21.md",
            "uuid": "i_mo46uu7w_99hj1g",
            "aliases": [],
            "trackedFileUuid": "tf_mo46uu7w_rf7uf4",
            "trackedFileAliases": [],
            "queue": 0,
            "nextReview": 0,
            "learningStep": null,
            "timesReviewed": 0,
            "timesCorrect": 0,
            "errorStreak": 0,
            "data": {
              "due": "2026-04-18T10:22:47.420Z",
              "stability": 0,
              "difficulty": 0,
              "elapsed_days": 0,
              "scheduled_days": 0,
              "reps": 0,
              "lapses": 0,
              "learning_steps": 0,
              "state": 0
            }
          },
          {
            "key": "归档/Blog Public/日志 11.12-12.10 后面丢失到1.21.md::日志二 5 question::日志二 5 answer::6::c1",
            "path": "归档/Blog Public/日志 11.12-12.10 后面丢失到1.21.md",
            "uuid": "i_mo46uu7w_4asv3o",
            "aliases": [],
            "trackedFileUuid": "tf_mo46uu7w_rf7uf4",
            "trackedFileAliases": [],
            "queue": 0,
            "nextReview": 0,
            "learningStep": null,
            "timesReviewed": 0,
            "timesCorrect": 0,
            "errorStreak": 0,
            "data": {
              "due": "2026-04-18T10:22:47.420Z",
              "stability": 0,
              "difficulty": 0,
              "elapsed_days": 0,
              "scheduled_days": 0,
              "reps": 0,
              "lapses": 0,
              "learning_steps": 0,
              "state": 0
            }
          },
          {
            "key": "归档/Blog Public/日志 11.12-12.10 后面丢失到1.21.md::日志二 6 question::日志二 6 answer::7::c1",
            "path": "归档/Blog Public/日志 11.12-12.10 后面丢失到1.21.md",
            "uuid": "i_mo46uu7w_1i0umu",
            "aliases": [],
            "trackedFileUuid": "tf_mo46uu7w_rf7uf4",
            "trackedFileAliases": [],
            "queue": 0,
            "nextReview": 0,
            "learningStep": null,
            "timesReviewed": 0,
            "timesCorrect": 0,
            "errorStreak": 0,
            "data": {
              "due": "2026-04-18T10:22:47.420Z",
              "stability": 0,
              "difficulty": 0,
              "elapsed_days": 0,
              "scheduled_days": 0,
              "reps": 0,
              "lapses": 0,
              "learning_steps": 0,
              "state": 0
            }
          },
          {
            "key": "归档/Blog Public/日志 11.12-12.10 后面丢失到1.21.md::日志二 7 question::日志二 7 answer::8::c1",
            "path": "归档/Blog Public/日志 11.12-12.10 后面丢失到1.21.md",
            "uuid": "i_mo46uu7w_zedgdi",
            "aliases": [],
            "trackedFileUuid": "tf_mo46uu7w_rf7uf4",
            "trackedFileAliases": [],
            "queue": 0,
            "nextReview": 0,
            "learningStep": null,
            "timesReviewed": 0,
            "timesCorrect": 0,
            "errorStreak": 0,
            "data": {
              "due": "2026-04-18T10:22:47.420Z",
              "stability": 0,
              "difficulty": 0,
              "elapsed_days": 0,
              "scheduled_days": 0,
              "reps": 0,
              "lapses": 0,
              "learning_steps": 0,
              "state": 0
            }
          },
          {
            "key": "归档/Blog Public/日志 11.12-12.10 后面丢失到1.21.md::日志二 8 question::日志二 8 answer::9::c1",
            "path": "归档/Blog Public/日志 11.12-12.10 后面丢失到1.21.md",
            "uuid": "i_mo46uu7w_ugehoa",
            "aliases": [],
            "trackedFileUuid": "tf_mo46uu7w_rf7uf4",
            "trackedFileAliases": [],
            "queue": 0,
            "nextReview": 0,
            "learningStep": null,
            "timesReviewed": 0,
            "timesCorrect": 0,
            "errorStreak": 0,
            "data": {
              "due": "2026-04-18T10:22:47.420Z",
              "stability": 0,
              "difficulty": 0,
              "elapsed_days": 0,
              "scheduled_days": 0,
              "reps": 0,
              "lapses": 0,
              "learning_steps": 0,
              "state": 0
            }
          },
          {
            "key": "归档/Blog Public/日志 11.12-12.10 后面丢失到1.21.md::日志二 9 question::日志二 9 answer::10::c1",
            "path": "归档/Blog Public/日志 11.12-12.10 后面丢失到1.21.md",
            "uuid": "i_mo46uu7w_zpdeu8",
            "aliases": [],
            "trackedFileUuid": "tf_mo46uu7w_rf7uf4",
            "trackedFileAliases": [],
            "queue": 0,
            "nextReview": 0,
            "learningStep": null,
            "timesReviewed": 0,
            "timesCorrect": 0,
            "errorStreak": 0,
            "data": {
              "due": "2026-04-18T10:22:47.420Z",
              "stability": 0,
              "difficulty": 0,
              "elapsed_days": 0,
              "scheduled_days": 0,
              "reps": 0,
              "lapses": 0,
              "learning_steps": 0,
              "state": 0
            }
          }
        ]
      },
      "dailyByClient": {
        "desktop": {
          "buryDate": "2026-04-18",
          "buryList": [],
          "dailyDeckStats": {
            "date": "2026-04-18",
            "counts": {
              "归档": {
                "new": 4,
                "review": 2
              },
              "归档/Blog Public": {
                "new": 4,
                "review": 2
              },
              "归档/Blog Public/日志 10.24--11.21": {
                "new": 2,
                "review": 1
              },
              "归档/Blog Public/日志 11.12-12.10 后面丢失到1.21": {
                "new": 2,
                "review": 1
              }
            }
          },
          "appliedOpIds": [
            "001babcd-0000-4000-8000-000000000000",
            "001cabcd-0000-4000-8000-000000000000",
            "001dabcd-0000-4000-8000-000000000000",
            "001eabcd-0000-4000-8000-000000000000",
            "daily-op:2026-04-18T10:22:47.420Z:0:rollover-reset",
            "daily-op:daily-state:000aabcd-0000-4000-8000-000000000000:0:rollover-reset",
            "daily-op:daily-state:000aabcd-0000-4000-8000-000000000000:1:deck-stats-delta",
            "daily-op:daily-state:000aabcd-0000-4000-8000-000000000000:2:deck-stats-delta",
            "daily-op:daily-state:000aabcd-0000-4000-8000-000000000000:3:deck-stats-delta",
            "daily-op:daily-state:000aabcd-0000-4000-8000-000000000000:4:deck-stats-delta",
            "daily-op:daily-state:001aabcd-0000-4000-8000-000000000000:0:deck-stats-delta",
            "daily-op:daily-state:001aabcd-0000-4000-8000-000000000000:1:deck-stats-delta",
            "daily-op:daily-state:001aabcd-0000-4000-8000-000000000000:2:deck-stats-delta",
            "daily-op:daily-state:001aabcd-0000-4000-8000-000000000000:3:deck-stats-delta"
          ],
          "deviceReviewCount": 3
        },
        "mobile": {
          "buryDate": "2026-04-18",
          "buryList": [],
          "dailyDeckStats": {
            "date": "2026-04-18",
            "counts": {
              "归档": {
                "new": 4,
                "review": 2
              },
              "归档/Blog Public": {
                "new": 4,
                "review": 2
              },
              "归档/Blog Public/日志 10.24--11.21": {
                "new": 2,
                "review": 1
              },
              "归档/Blog Public/日志 11.12-12.10 后面丢失到1.21": {
                "new": 2,
                "review": 1
              }
            }
          },
          "appliedOpIds": [
            "daily-op:2026-04-18T10:22:47.420Z:0:rollover-reset",
            "daily-op:daily-state:000aabcd-0000-4000-8000-000000000000:0:rollover-reset",
            "daily-op:daily-state:000aabcd-0000-4000-8000-000000000000:1:deck-stats-delta",
            "daily-op:daily-state:000aabcd-0000-4000-8000-000000000000:2:deck-stats-delta",
            "daily-op:daily-state:000aabcd-0000-4000-8000-000000000000:3:deck-stats-delta",
            "daily-op:daily-state:000aabcd-0000-4000-8000-000000000000:4:deck-stats-delta",
            "daily-op:daily-state:001aabcd-0000-4000-8000-000000000000:0:deck-stats-delta",
            "daily-op:daily-state:001aabcd-0000-4000-8000-000000000000:1:deck-stats-delta",
            "daily-op:daily-state:001aabcd-0000-4000-8000-000000000000:2:deck-stats-delta",
            "daily-op:daily-state:001aabcd-0000-4000-8000-000000000000:3:deck-stats-delta"
          ],
          "deviceReviewCount": 6
        }
      },
      "pendingOverlayByClient": {
        "desktop": {
          "version": 3,
          "sections": {}
        },
        "mobile": {
          "version": 3,
          "sections": {}
        }
      },
      "deckCountsByClient": {
        "desktop": {
          "归档/Blog Public": {
            "newCount": 16,
            "learningCount": 1,
            "dueCount": 0
          },
          "归档/Blog Public/日志 10.24--11.21": {
            "newCount": 18,
            "learningCount": 0,
            "dueCount": 0
          },
          "归档/Blog Public/日志 11.12-12.10 后面丢失到1.21": {
            "newCount": 18,
            "learningCount": 1,
            "dueCount": 0
          }
        },
        "mobile": {
          "归档/Blog Public": {
            "newCount": 16,
            "learningCount": 1,
            "dueCount": 0
          },
          "归档/Blog Public/日志 10.24--11.21": {
            "newCount": 18,
            "learningCount": 0,
            "dueCount": 0
          },
          "归档/Blog Public/日志 11.12-12.10 后面丢失到1.21": {
            "newCount": 18,
            "learningCount": 1,
            "dueCount": 0
          }
        }
      },
      "sessionDigestsByDevice": {
        "Desktop--0002": [
          {
            "sessionPath": "Desktop--0002/2026-04-18.session.jsonl",
            "sessionId": "Desktop--0002/2026-04-18",
            "domain": "daily-state",
            "entityType": "daily-state-op",
            "opType": "rollover-reset",
            "targetUuid": "daily-op:2026-04-18T10:22:47.420Z:0:rollover-reset",
            "opId": "0003abcd-0000-4000-8000-000000000000",
            "updatedAt": "2026-04-18T10:22:47.420Z"
          },
          {
            "sessionPath": "Desktop--0002/2026-04-18.session.jsonl",
            "sessionId": "Desktop--0002/2026-04-18",
            "domain": "daily-state",
            "entityType": "daily-state-op",
            "opType": "rollover-reset",
            "targetUuid": "daily-op:daily-state:000aabcd-0000-4000-8000-000000000000:0:rollover-reset",
            "opId": "000babcd-0000-4000-8000-000000000000",
            "updatedAt": "2026-04-18T10:22:47.420Z"
          },
          {
            "sessionPath": "Desktop--0002/2026-04-18.session.jsonl",
            "sessionId": "Desktop--0002/2026-04-18",
            "domain": "daily-state",
            "entityType": "daily-state-op",
            "opType": "deck-stats-delta",
            "targetUuid": "daily-op:daily-state:000aabcd-0000-4000-8000-000000000000:1:deck-stats-delta",
            "opId": "000cabcd-0000-4000-8000-000000000000",
            "updatedAt": "2026-04-18T10:22:47.420Z"
          },
          {
            "sessionPath": "Desktop--0002/2026-04-18.session.jsonl",
            "sessionId": "Desktop--0002/2026-04-18",
            "domain": "daily-state",
            "entityType": "daily-state-op",
            "opType": "deck-stats-delta",
            "targetUuid": "daily-op:daily-state:000aabcd-0000-4000-8000-000000000000:2:deck-stats-delta",
            "opId": "000dabcd-0000-4000-8000-000000000000",
            "updatedAt": "2026-04-18T10:22:47.420Z"
          },
          {
            "sessionPath": "Desktop--0002/2026-04-18.session.jsonl",
            "sessionId": "Desktop--0002/2026-04-18",
            "domain": "daily-state",
            "entityType": "daily-state-op",
            "opType": "deck-stats-delta",
            "targetUuid": "daily-op:daily-state:000aabcd-0000-4000-8000-000000000000:3:deck-stats-delta",
            "opId": "000eabcd-0000-4000-8000-000000000000",
            "updatedAt": "2026-04-18T10:22:47.420Z"
          },
          {
            "sessionPath": "Desktop--0002/2026-04-18.session.jsonl",
            "sessionId": "Desktop--0002/2026-04-18",
            "domain": "daily-state",
            "entityType": "daily-state-op",
            "opType": "deck-stats-delta",
            "targetUuid": "daily-op:daily-state:000aabcd-0000-4000-8000-000000000000:4:deck-stats-delta",
            "opId": "000fabcd-0000-4000-8000-000000000000",
            "updatedAt": "2026-04-18T10:22:47.420Z"
          },
          {
            "sessionPath": "Desktop--0002/2026-04-18.session.jsonl",
            "sessionId": "Desktop--0002/2026-04-18",
            "domain": "cards",
            "entityType": "card-item",
            "opType": "review",
            "targetUuid": "i_mo46uu7w_mqwytj",
            "opId": "0010abcd-0000-4000-8000-000000000000",
            "updatedAt": "2026-04-18T10:22:47.420Z"
          },
          {
            "sessionPath": "Desktop--0002/2026-04-18.session.jsonl",
            "sessionId": "Desktop--0002/2026-04-18",
            "domain": "cards",
            "entityType": "card-item",
            "opType": "review",
            "targetUuid": "i_mo46uu7w_tsp7yc",
            "opId": "0011abcd-0000-4000-8000-000000000000",
            "updatedAt": "2026-04-18T10:22:47.420Z"
          },
          {
            "sessionPath": "Desktop--0002/2026-04-18.session.jsonl",
            "sessionId": "Desktop--0002/2026-04-18",
            "domain": "cards",
            "entityType": "card-item",
            "opType": "review",
            "targetUuid": "i_mo46uu7w_0q3gpt",
            "opId": "0012abcd-0000-4000-8000-000000000000",
            "updatedAt": "2026-04-18T10:22:47.420Z"
          }
        ],
        "Mobile--0014": [
          {
            "sessionPath": "Mobile--0014/2026-04-18.session.jsonl",
            "sessionId": "Mobile--0014/2026-04-18",
            "domain": "daily-state",
            "entityType": "daily-state-op",
            "opType": "deck-stats-delta",
            "targetUuid": "daily-op:daily-state:001aabcd-0000-4000-8000-000000000000:0:deck-stats-delta",
            "opId": "001babcd-0000-4000-8000-000000000000",
            "updatedAt": "2026-04-18T08:10:00.000Z"
          },
          {
            "sessionPath": "Mobile--0014/2026-04-18.session.jsonl",
            "sessionId": "Mobile--0014/2026-04-18",
            "domain": "daily-state",
            "entityType": "daily-state-op",
            "opType": "deck-stats-delta",
            "targetUuid": "daily-op:daily-state:001aabcd-0000-4000-8000-000000000000:1:deck-stats-delta",
            "opId": "001cabcd-0000-4000-8000-000000000000",
            "updatedAt": "2026-04-18T08:10:00.000Z"
          },
          {
            "sessionPath": "Mobile--0014/2026-04-18.session.jsonl",
            "sessionId": "Mobile--0014/2026-04-18",
            "domain": "daily-state",
            "entityType": "daily-state-op",
            "opType": "deck-stats-delta",
            "targetUuid": "daily-op:daily-state:001aabcd-0000-4000-8000-000000000000:2:deck-stats-delta",
            "opId": "001dabcd-0000-4000-8000-000000000000",
            "updatedAt": "2026-04-18T08:10:00.000Z"
          },
          {
            "sessionPath": "Mobile--0014/2026-04-18.session.jsonl",
            "sessionId": "Mobile--0014/2026-04-18",
            "domain": "daily-state",
            "entityType": "daily-state-op",
            "opType": "deck-stats-delta",
            "targetUuid": "daily-op:daily-state:001aabcd-0000-4000-8000-000000000000:3:deck-stats-delta",
            "opId": "001eabcd-0000-4000-8000-000000000000",
            "updatedAt": "2026-04-18T08:10:00.000Z"
          },
          {
            "sessionPath": "Mobile--0014/2026-04-18.session.jsonl",
            "sessionId": "Mobile--0014/2026-04-18",
            "domain": "cards",
            "entityType": "card-item",
            "opType": "review",
            "targetUuid": "i_mo46uu7w_mqwytj",
            "opId": "001fabcd-0000-4000-8000-000000000000",
            "updatedAt": "2026-04-18T08:10:00.000Z"
          },
          {
            "sessionPath": "Mobile--0014/2026-04-18.session.jsonl",
            "sessionId": "Mobile--0014/2026-04-18",
            "domain": "cards",
            "entityType": "card-item",
            "opType": "review",
            "targetUuid": "i_mo46uu7w_0q3gpt",
            "opId": "0020abcd-0000-4000-8000-000000000000",
            "updatedAt": "2026-04-18T08:10:00.000Z"
          },
          {
            "sessionPath": "Mobile--0014/2026-04-18.session.jsonl",
            "sessionId": "Mobile--0014/2026-04-18",
            "domain": "cards",
            "entityType": "card-item",
            "opType": "review",
            "targetUuid": "i_mo46uu7w_v76mjl",
            "opId": "0021abcd-0000-4000-8000-000000000000",
            "updatedAt": "2026-04-18T08:10:00.000Z"
          }
        ]
      },
      "cursorSnapshotsByDevice": {
        "Desktop--0002": {
          "updatedAt": "2026-04-18T08:10:00.000Z",
          "cursors": {
            "Mobile--0014/2026-04-18.session.jsonl": {
              "offset": 6958,
              "lastOpId": "0021abcd-0000-4000-8000-000000000000",
              "updatedAt": "2026-04-18T08:10:00.000Z"
            }
          }
        },
        "Mobile--0014": {
          "updatedAt": "2026-04-18T10:22:47.420Z",
          "cursors": {
            "Desktop--0002/2026-04-18.session.jsonl": {
              "offset": 7844,
              "lastOpId": "0012abcd-0000-4000-8000-000000000000",
              "updatedAt": "2026-04-18T10:22:47.420Z"
            }
          }
        }
      },
      "deviceFolders": [
        {
          "folderName": "Desktop--0002",
          "files": [
            "cards.json",
            "daily-state.json",
            "deck-options.json",
            "device-state.json",
            "device.json",
            "license-state.json",
            "note-cache.json",
            "notes.json",
            "ob_revlog.csv",
            "pending.overlay.json",
            "settings.json",
            "timeline.json",
            "tracking-rules.json"
          ],
          "folders": []
        },
        {
          "folderName": "Mobile--0014",
          "files": [
            "cards.json",
            "daily-state.json",
            "deck-options.json",
            "device-state.json",
            "device.json",
            "license-state.json",
            "note-cache.json",
            "notes.json",
            "ob_revlog.csv",
            "pending.overlay.json",
            "settings.json",
            "timeline.json",
            "tracking-rules.json"
          ],
          "folders": []
        }
      ]
    }

      at debugDiagnostics (tests/unit/multiDeviceReviewFlow.test.ts:97:13)

FAIL tests/unit/multiDeviceReviewFlow.test.ts (13.195 s)
  multi-device review backend flow
    × desktop -> mobile -> desktop review roundtrip converges formal state, pending overlay, deck counts, and device folders (661 ms)
    ○ skipped fresh baseline first import keeps source daily-state stable instead of replaying old source history again
    ○ skipped independent fresh devices reconcile the whole card library before importing first shared review history
    ○ skipped mobile baseline then desktop appends same-day review records and mobile later pulls them into formal state
    ○ skipped rapid same-day desktop review plus concurrent exit save still converges daily-state on mobile
    ○ skipped restart recovers cardsReview pending entries when session already exists but cards.json has not been saved yet
    ○ skipped stale cursor that lands in the middle of a session line recovers by last op id and still imports the remaining legal events exactly once

  ● multi-device review backend flow › desktop -> mobile -> desktop review roundtrip converges formal state, pending overlay, deck counts, and device folders

    expect(received).toEqual(expected) // deep equality

    - Expected  - 22
    + Received  + 22

    @@ -2,29 +2,29 @@
        Object {
          "aliases": Array [
            "i_mo46uu7w_mqwytj",
          ],
          "data": Object {
    -       "difficulty": 2.11121,
    -       "due": "2026-04-20T08:10:00.000Z",
    +       "difficulty": 2.1181,
    +       "due": "2026-04-18T10:32:47.420Z",
            "elapsed_days": 0,
            "lapses": 0,
    -       "last_review": "2026-04-18T08:10:00.000Z",
    -       "learning_steps": 0,
    -       "reps": 2,
    -       "scheduled_days": 2,
    +       "last_review": "2026-04-18T10:22:47.420Z",
    +       "learning_steps": 1,
    +       "reps": 1,
    +       "scheduled_days": 0.006944444444444444,
            "stability": 2.3065,
    -       "state": 2,
    +       "state": 1,
          },
          "errorStreak": 0,
          "key": "归档/Blog Public/日志 10.24--11.21.md::日志一 1 question::日志一 1 answer::2::c1",
          "learningStep": null,
    -     "nextReview": 1776672600000,
    +     "nextReview": 1776508367420,
          "path": "归档/Blog Public/日志 10.24--11.21.md",
    -     "queue": 2,
    -     "timesCorrect": 2,
    -     "timesReviewed": 2,
    +     "queue": 1,
    +     "timesCorrect": 1,
    +     "timesReviewed": 1,
          "trackedFileAliases": Array [
            "tf_mo46uu7w_x6qcxg",
          ],
          "trackedFileUuid": "",
          "uuid": "",
    @@ -584,29 +584,29 @@
        Object {
          "aliases": Array [
            "i_mo46uu7w_0q3gpt",
          ],
          "data": Object {
    -       "difficulty": 2.11121,
    -       "due": "2026-04-20T08:10:00.000Z",
    +       "difficulty": 2.1181,
    +       "due": "2026-04-18T10:32:47.420Z",
            "elapsed_days": 0,
            "lapses": 0,
    -       "last_review": "2026-04-18T08:10:00.000Z",
    -       "learning_steps": 0,
    -       "reps": 2,
    -       "scheduled_days": 2,
    +       "last_review": "2026-04-18T10:22:47.420Z",
    +       "learning_steps": 1,
    +       "reps": 1,
    +       "scheduled_days": 0.006944444444444444,
            "stability": 2.3065,
    -       "state": 2,
    +       "state": 1,
          },
          "errorStreak": 0,
          "key": "归档/Blog Public/日志 11.12-12.10 后面丢失到1.21.md::日志二 1 question::日志二 1 answer::2::c1",
          "learningStep": null,
    -     "nextReview": 1776672600000,
    +     "nextReview": 1776508367420,
          "path": "归档/Blog Public/日志 11.12-12.10 后面丢失到1.21.md",
    -     "queue": 2,
    -     "timesCorrect": 2,
    -     "timesReviewed": 2,
    +     "queue": 1,
    +     "timesCorrect": 1,
    +     "timesReviewed": 1,
          "trackedFileAliases": Array [
            "tf_mo46uu7w_rf7uf4",
          ],
          "trackedFileUuid": "",
          "uuid": "",

      58 |     expect(
      59 |         comparableCards(diagnostics.cardsByClient[leftClient]),
    > 60 |     ).toEqual(comparableCards(diagnostics.cardsByClient[rightClient]));
         |       ^
      61 |     expect(
      62 |         comparableDailyState(diagnostics.dailyByClient[leftClient]),
      63 |     ).toEqual(comparableDailyState(diagnostics.dailyByClient[rightClient]));

      at expectDiagnosticsMatch (tests/unit/multiDeviceReviewFlow.test.ts:60:7)
      at Object.<anonymous> (tests/unit/multiDeviceReviewFlow.test.ts:195:9)

Test Suites: 1 failed, 1 total
Tests:       1 failed, 6 skipped, 7 total
Snapshots:   0 total
Time:        15.76 s
Ran all test suites matching /tests\\unit\\multiDeviceReviewFlow.test.ts/i with tests matching "desktop -> mobile -> desktop review roundtrip converges formal state, pending overlay, deck counts, and device folders".
